1623795414268	geckodriver	INFO	Listening on 127.0.0.1:53479
1623795418453	mozrunner::runner	INFO	Running command: "C:\\Program Files\\Mozilla Firefox\\firefox.exe" "--marionette" "-foreground" "-no-remote" "-profile" "C:\\Users\\Carlos\\AppData\\Local\\Temp\\rust_mozprofile06KXpF"
1623795479747	Marionette	INFO	Marionette enabled
console.error: Region.jsm: "Error fetching region" (new Error("TIMEOUT", "resource://gre/modules/Region.jsm", 772))
console.error: Region.jsm: "Failed to fetch region" (new Error("TIMEOUT", "resource://gre/modules/Region.jsm", 419))
console.warn: SearchSettings: "get: No settings file exists, new profile?" (new Error("", "(unknown module)"))
1623795568973	Marionette	INFO	Listening on port 53488
JavaScript error: resource://gre/modules/UrlClassifierListManager.jsm, line 691: TypeError: this.tablesData[table] is undefined
console.log: "RemoteSettingsWorker error: Error: Can't import when we've started shutting down."
console.log: "RemoteSettingsWorker error: Error: Can't import when we've started shutting down."
console.error: "Could not load engine google@search.mozilla.org: [Exception... \"AddonManager is not initialized\"  nsresult: \"0xc1f30001 (NS_ERROR_NOT_INITIALIZED)\"  location: \"JS frame :: resource://gre/modules/1623795603899	Marionette	WARN	Ignoring event 'pageshow' because document has an invalid readyState of 'uninitialized'.
console.warn: LoginRecipes: "getRecipes: falling back to a synchronous message for:" "https://www.youtube.com"
console.warn: LoginRecipes: "getRecipes: falling back to a synchronous message for:" "https://www.youtube.com"
console.warn: LoginRecipes: "getRecipes: falling back to a synchronous message for:" "https://www.youtube.com"
1623795960334	Marionette	INFO	Stopped listening on port 53552

###!!! [Child][RunMessage] Error: Channel closing: too late to send/recv, messages will be lost

line 2550\"  data: no]"
console.error: "Could not load engine bing@search.mozilla.org: [Exception... \"AddonManager is not initialized\"  nsresult: \"0xc1f30001 (NS_ERROR_NOT_INITIALIZED)\"  location: \"JS frame :: resource://gre/modules/AddonManager.jsm :: installBuiltinAddon :: line 2550\"  data: no]"
console.error: "Could not load engine ddg@search.mozilla.org: [Exception... \"AddonManager is not initialized\"  nsresult: \"0xc1f30001 (NS_ERROR_NOT_INITIALIZED)\"  location: \"JS frame :: resource://gre/modules/AddonManager.jsm :: installBuiltinAddon :: line 2550\"  data: no]"
console.warn: SearchService: "_init: abandoning init due to shutting down"
JavaScript error: resource://gre/modules/AsyncShutdown.jsm, line 575: uncaught exception: 2147500036
JavaScript error: resource://gre/modules/AsyncShutdown.jsm, line 575: uncaught exception: 2147500036
JavaScript error: resource://gre/modules/AsyncShutdown.jsm, line 575: uncaught exception: 2147500036
JavaScript error: resource://gre/modules/AsyncShutdown.jsm, line 575: uncaught exception: 2147500036
console.log: "RemoteSettingsWorker error: Error: Can't import when we've started shutting down."
console.log: "RemoteSettingsWorker error: Error: Can't import when we've started shutting down."
JavaScript error: resource://gre/modules/AsyncShutdown.jsm, line 575: uncaught exception: 2147500036
console.error: (new Error("SessionFile is closed", "resource:///modules/sessionstore/SessionFile.jsm", 433))
1623795611923	Marionette	INFO	Stopped listening on port 53488

###!!! [Child][RunMessage] Error: Channel closing: too late to send/recv, messages will be lost

1623795991609	geckodriver	INFO	Listening on 127.0.0.1:53890
1623795997181	mozrunner::runner	INFO	Running command: "C:\\Program Files\\Mozilla Firefox\\firefox.exe" "--marionette" "-foreground" "-no-remote" "-profile" "C:\\Users\\Carlos\\AppData\\Local\\Temp\\rust_mozprofile2OQbRv"
1623796004202	Marionette	INFO	Marionette enabled
console.warn: SearchSettings: "get: No settings file exists, new profile?" (new Error("", "(unknown module)"))
1623796016067	Marionette	INFO	Listening on port 53900
1623796016703	Marionette	WARN	TLS certificate errors will be ignored for this session
1623796024750	Marionette	WARN	Ignoring event 'pageshow' because document has an invalid readyState of 'uninitialized'.
1623796488768	Marionette	INFO	Stopped listening on port 53900

###!!! [Child][RunMessage] Error: Channel closing: too late to send/recv, messages will be lost

1623796512838	geckodriver	INFO	Listening on 127.0.0.1:54362
1623796516545	mozrunner::runner	INFO	Running command: "C:\\Program Files\\Mozilla Firefox\\firefox.exe" "--marionette" "-foreground" "-no-remote" "-profile" "C:\\Users\\Carlos\\AppData\\Local\\Temp\\rust_mozprofilep7HtjX"
1623796521366	Marionette	INFO	Marionette enabled
console.warn: SearchSettings: "get: No settings file exists, new profile?" (new Error("", "(unknown module)"))
1623796537723	Marionette	INFO	Listening on port 54371
1623796538424	Marionette	WARN	TLS certificate errors will be ignored for this session
1623796546561	Marionette	WARN	Ignoring event 'pageshow' because document has an invalid readyState of 'uninitialized'.

###!!! [Child][RunMessage] Error: Channel closing: too late to send/recv, messages will be lost

1623796771932	Marionette	INFO	Stopped listening on port 54371

###!!! [Child][RunMessage] Error: Channel closing: too late to send/recv, messages will be lost

ozprofileMjkmSC"
1623796771982	Marionette	INFO	Marionette enabled
console.warn: SearchSettings: "get: No settings file exists, new profile?" (new Error("", "(unknown module)"))
1623796781109	Marionette	INFO	Listening on port 54530
1623796781508	Marionette	WARN	TLS certificate errors will be ignored for this session
JavaScript error: , line 0: uncaught exception: Skipping for logged out.
1623796787210	Marionette	WARN	Ignoring event 'pageshow' because document has an invalid readyState of 'uninitialized'.
1623797065458	Marionette	INFO	Stopped listening on port 54530

###!!! [Child][RunMessage] Error: Channel closing: too late to send/recv, messages will be lost

"--marionette" "-foreground" "-no-remote" "-profile" "C:\\Users\\Carlos\\AppData\\Local\\Temp\\rust_mozprofileeBJ5KO"
1623797065502	Marionette	INFO	Marionette enabled
console.warn: SearchSettings: "get: No settings file exists, new profile?" (new Error("", "(unknown module)"))
1623797073640	Marionette	INFO	Listening on port 54837
1623797073941	Marionette	WARN	TLS certificate errors will be ignored for this session
1623797080037	Marionette	WARN	Ignoring event 'pageshow' because document has an invalid readyState of 'uninitialized'.
[Parent 13160, IPC I/O Parent] WARNING: pipe error: 232: file /builds/worker/checkouts/gecko/ipc/chromium/src/chrome/common/ipc_channel_win.cc:544
1623797160343	Marionette	INFO	Stopped listening on port 54837

###!!! [Child][RunMessage] Error: Channel closing: too late to send/recv, messages will be lost

"--marionette" "-foreground" "-no-remote" "-profile" "C:\\Users\\Carlos\\AppData\\Local\\Temp\\rust_mozprofileMAx9BW"
1623797155633	Marionette	INFO	Marionette enabled
console.warn: SearchSettings: "get: No settings file exists, new profile?" (new Error("", "(unknown module)"))
1623797164253	Marionette	INFO	Listening on port 55054
1623797164580	Marionette	WARN	TLS certificate errors will be ignored for this session
1623797172125	Marionette	WARN	Ignoring event 'pageshow' because document has an invalid readyState of 'uninitialized'.
JavaScript error: https://www.youtube.com/s/player/2a6f5e06/player_ias.vflset/pt_BR/base.js, line 787: uncaught exception: [object Object]
1623797792030	Marionette	INFO	Stopped listening on port 55054

###!!! [Child][RunMessage] Error: Channel closing: too late to send/recv, messages will be lost

"--marionette" "-foreground" "-no-remote" "-profile" "C:\\Users\\Carlos\\AppData\\Local\\Temp\\rust_mozprofilet9HTxm"
1623797791306	Marionette	INFO	Marionette enabled
console.warn: SearchSettings: "get: No settings file exists, new profile?" (new Error("", "(unknown module)"))
1623797801536	Marionette	INFO	Listening on port 55726
1623797801666	Marionette	WARN	TLS certificate errors will be ignored for this session
1623797805804	Marionette	WARN	Ignoring event 'pageshow' because document has an invalid readyState of 'uninitialized'.
1623798111323	Marionette	INFO	Stopped listening on port 55726

###!!! [Child][RunMessage] Error: Channel closing: too late to send/recv, messages will be lost

"--marionette" "-foreground" "-no-remote" "-profile" "C:\\Users\\Carlos\\AppData\\Local\\Temp\\rust_mozprofileu6ulx4"
1623798111342	Marionette	INFO	Marionette enabled
console.warn: SearchSettings: "get: No settings file exists, new profile?" (new Error("", "(unknown module)"))
1623798121955	Marionette	INFO	Listening on port 55994
1623798122047	Marionette	WARN	TLS certificate errors will be ignored for this session
1623798127506	Marionette	WARN	Ignoring event 'pageshow' because document has an invalid readyState of 'uninitialized'.
1623798187672	Marionette	INFO	Stopped listening on port 55994

###!!! [Child][RunMessage] Error: Channel closing: too late to send/recv, messages will be lost

"--marionette" "-foreground" "-no-remote" "-profile" "C:\\Users\\Carlos\\AppData\\Local\\Temp\\rust_mozprofileSaYJoh"
1623798186186	Marionette	INFO	Marionette enabled
console.warn: SearchSettings: "get: No settings file exists, new profile?" (new Error("", "(unknown module)"))
1623798194402	Marionette	INFO	Listening on port 56109
1623798194819	Marionette	WARN	TLS certificate errors will be ignored for this session
1623798197770	Marionette	WARN	Ignoring event 'pageshow' because document has an invalid readyState of 'uninitialized'.
1623798292496	Marionette	INFO	Stopped listening on port 56109

###!!! [Child][RunMessage] Error: Channel closing: too late to send/recv, messages will be lost

"--marionette" "-foreground" "-no-remote" "-profile" "C:\\Users\\Carlos\\AppData\\Local\\Temp\\rust_mozprofileu5GcI5"
1623798291343	Marionette	INFO	Marionette enabled
console.warn: SearchSettings: "get: No settings file exists, new profile?" (new Error("", "(unknown module)"))
1623798301368	Marionette	INFO	Listening on port 56221
1623798302266	Marionette	WARN	TLS certificate errors will be ignored for this session
1623798304821	Marionette	WARN	Ignoring event 'pageshow' because document has an invalid readyState of 'uninitialized'.

###!!! [Child][RunMessage] Error: Channel closing: too late to send/recv, messages will be lost

1623798429694	Marionette	INFO	Stopped listening on port 56221

###!!! [Child][RunMessage] Error: Channel closing: too late to send/recv, messages will be lost

ozprofileeeRMos"
1623798429694	Marionette	INFO	Marionette enabled
console.warn: SearchSettings: "get: No settings file exists, new profile?" (new Error("", "(unknown module)"))
1623798437307	Marionette	INFO	Listening on port 56351
1623798437460	Marionette	WARN	TLS certificate errors will be ignored for this session
1623798442697	Marionette	WARN	Ignoring event 'pageshow' because document has an invalid readyState of 'uninitialized'.
[Parent 15300, IPC I/O Parent] WARNING: file /builds/worker/checkouts/gecko/ipc/chromium/src/base/process_util_win.cc:167
1623798612824	Marionette	INFO	Stopped listening on port 56351

###!!! [Child][RunMessage] Error: Channel closing: too late to send/recv, messages will be los1623798612882	Marionette	INFO	Marionette enabled
console.warn: SearchSettings: "get: No settings file exists, new profile?" (new Error("", "(unknown module)"))
1623798620077	Marionette	INFO	Listening on port 56611
1623798620417	Marionette	WARN	TLS certificate errors will be ignored for this session
JavaScript error: , line 0: uncaught exception: Skipping for logged out.
1623798627041	Marionette	WARN	Ignoring event 'pageshow' because document has an invalid readyState of 'uninitialized'.
JavaScript error: , line 0: uncaught exception: Skipping for logged out.
JavaScript error: resource://devtools/client/inspector/rules/utils/utils.js, line 186: TypeError: rule is undefined
JavaScript error: resource://devtools/client/inspector/rules/utils/utils.js, line 186: TypeError: rule is undefined
JavaScript error: resource://devtools/client/inspector/rules/utils/utils.js, line 186: TypeError: rule is undefined
JavaScript error: resource://devtools/client/inspector/rules/utils/utils.js, line 186: TypeError: rule is undefined
JavaScript error: , line 0: uncaught exception: Skipping for logged out.
JavaScript warning: https://vlibras.gov.br/app2/vlibras-plugin.js, line 81: unreachable code after return statement
JavaScript warning: https://vlibras.gov.br/app2/vlibras-plugin.js, line 81: unreachable code after return statement
JavaScript warning: https://vlibras.gov.br/app2/vlibras-plugin.js, line 81: unreachable code after return statement
JavaScript warning: https://vlibras.gov.br/app2/vlibras-plugin.js, line 81: unreachable code after return statement

###!!! [Parent][RunMessage] Error: Channel error: cannot send/recv


###!!! [Parent][RunMessage] Error: Channel error: cannot send/recv


###!!! [Parent][RunMessage] Error: Channel error: cannot send/recv


###!!! [Parent][RunMessage] Error: Channel error: cannot send/recv


###!!! [Parent][RunMessage] Error: Channel error: cannot send/recv


###!!! [Parent][RunMessage] Error: Channel error: cannot send/recv


###!!! [Parent][RunMessage] Error: Channel error: cannot send/recv


###!!! [Parent][RunMessage] Error: Channel error: cannot send/recv


###!!! [Parent][RunMessage] Error: Channel error: cannot send/recv


###!!! [Parent][RunMessage] Error: Channel error: cannot send/recv


###!!! [Parent][RunMessage] Error: Channel error: cannot send/recv


###!!! [Parent][RunMessage] Error: Channel error: cannot send/recv


###!!! [Parent][RunMessage] Error: Channel error: cannot send/recv


###!!! [Parent][RunMessage] Error: Channel error: cannot send/recv


###!!! [Parent][RunMessage] Error: Channel error: cannot send/recv


###!!! [Parent][RunMessage] Error: Channel error: cannot send/recv


###!!! [Parent][RunMessage] Error: Channel error: cannot send/recv


###!!! [Parent][RunMessage] Error: Channel error: cannot send/recv


###!!! [Parent][MessageChannel] Error: (msgtype=0x3A006E,name=PContent::Msg_SuspendInputEventQueue) Channel error: cannot send/recv


###!!! [Parent][MessageChannel] Error: (msgtype=0x3A006C,name=PContent::Msg_FlushInputEventQueue) Channel error: cannot send/recv


###!!! [Parent][MessageChannel] Error: (msgtype=0x3A006D,name=PContent::Msg_ResumeInputEventQueue) Channel error: cannot send/recv


###!!! [Parent][MessageChannel] Error: (msgtype=0x3A0055,name=PContent::Msg_Shutdown) Channel error: cannot send/recv


###!!! [Parent][MessageChannel] Error: (msgtype=0x3A004D,name=PContent::Msg_NotifyProcessPriorityChanged) Channel error: cannot send/recv


###!!! [Parent][RunMessage] Error: Channel error: cannot send/recv


###!!! [Parent][RunMessage] Error: Channel error: cannot send/recv


###!!! [Parent][RunMessage] Error: Channel error: cannot send/recv


###!!! [Parent][RunMessage] Error: Channel error: cannot send/recv


###!!! [Parent][RunMessage] Error: Channel error: cannot send/recv


###!!! [Parent][RunMessage] Error: Channel error: cannot send/recv


###!!! [Parent][RunMessage] Error: Channel error: cannot send/recv


###!!! [Parent][RunMessage] Error: Channel error: cannot send/recv


###!!! [Parent][RunMessage] Error: Channel error: cannot send/recv


###!!! [Parent][MessageChannel] Error: (msgtype=0x3A006E,name=PContent::Msg_SuspendInputEventQueue) Channel error: cannot send/recv


###!!! [Parent][MessageChannel] Error: (msgtype=0x3A006C,name=PContent::Msg_FlushInputEventQueue) Channel error: cannot send/recv


###!!! [Parent][MessageChannel] Error: (msgtype=0x3A006D,name=PContent::Msg_ResumeInputEventQueue) Channel error: cannot send/recv


###!!! [Parent][MessageChannel] Error: (msgtype=0x3A0055,name=PContent::Msg_Shutdown) Channel error: cannot send/recv


###!!! [Parent][RunMessage] Error: Channel error: cannot send/recv


###!!! [Parent][RunMessage] Error: Channel error: cannot send/recv

A content process crashed and MOZ_CRASHREPORTER_SHUTDOWN is set, shutting down
[Parent 12176, IPC I/O Parent] WARNING: pipe error: 232: file /builds/worker/checkouts/gecko/ipc/chromium/src/chrome/common/ipc_channel_win.cc:544
A content process crashed and MOZ_CRASHREPORTER_SHUTDOWN is set, shutting down
JavaScript error: resource:///modules/sessionstore/SessionStore.jsm, line 2161: TypeError: subject.QueryInterface is not a function
A content process crashed and MOZ_CRASHREPORTER_SHUTDOWN is set, shutting down
A content process crashed and MOZ_CRASHREPORTER_SHUTDOWN is set, shutting down
console.error: (new Error("SessionFile is closed", "resource:///modules/sessionstore/SessionFile.jsm", 433))
[Parent 12176, IPC I/O Parent] WARNING: file /builds/worker/checkouts/gecko/ipc/chromium/src/base/process_util_win.cc:167
1623799740094	Marionette	INFO	Stopped listening on port 56611

###!!! [Child][RunMessage] Error: Channel closing: too late to send/recv, messages will be lost

1623812786124	geckodriver	INFO	Listening on 127.0.0.1:60243
1623812789260	mozrunner::runner	INFO	Running command: "C:\\Program Files\\Mozilla Firefox\\firefox.exe" "--marionette" "-foreground" "-no-remote" "-profile" "C:\\Users\\Carlos\\AppData\\Local\\Temp\\rust_mozprofilelahtjS"
1623812807531	Marionette	INFO	Marionette enabled
console.warn: SearchSettings: "get: No settings file exists, new profile?" (new Error("", "(unknown module)"))
console.error: Region.jsm: "Error fetching region" (new Error("TIMEOUT", "resource://gre/modules/Region.jsm", 772))
console.error: Region.jsm: "Failed to fetch region" (new Error("TIMEOUT", "resource://gre/modules/Region.jsm", 419))
1623812854238	Marionette	INFO	Listening on port 49725
1623812909630	Marionette	INFO	Stopped listening on port 49725

###!!! [Child][RunMessage] Error: Channel closing: too late to send/recv, messages will be lost

1623812916969	geckodriver	INFO	Listening on 127.0.0.1:60176
1623812920468	mozrunner::runner	INFO	Running command: "C:\\Program Files\\Mozilla Firefox\\firefox.exe" "--marionette" "-foreground" "-no-remote" "-profile" "C:\\Users\\Carlos\\AppData\\Local\\Temp\\rust_mozprofiledvPjRH"
1623812923305	Marionette	INFO	Marionette enabled
console.warn: SearchSettings: "get: No settings file exists, new profile?" (new Error("", "(unknown module)"))
1623812930497	Marionette	INFO	Listening on port 58612
1623812930671	Marionette	WARN	TLS certificate errors will be ignored for this session
1623812944995	Marionette	WARN	Ignoring event 'pageshow' because document has an invalid readyState of 'uninitialized'.
1623815186086	Marionette	INFO	Stopped listening on port 58612

###!!! [Child][RunMessage] Error: Channel closing: too late to send/recv, messages will be lost

1623815660926	geckodriver	INFO	Listening on 127.0.0.1:65025
1623815663858	mozrunner::runner	INFO	Running command: "C:\\Program Files\\Mozilla Firefox\\firefox.exe" "--marionette" "-foreground" "-no-remote" "-profile" "C:\\Users\\Carlos\\AppData\\Local\\Temp\\rust_mozprofileWEzkql"
1623815685036	Marionette	INFO	Marionette enabled
[Parent 14420, IPC I/O Parent] WARNING: file /builds/worker/checkouts/gecko/ipc/chromium/src/base/process_util_win.cc:167
console.error: Region.jsm: "Error fetching region" (new Error("TIMEOUT", "resource://gre/modules/Region.jsm", 772))
console.error: Region.jsm: "Failed to fetch region" (new Error("TIMEOUT", "resource://gre/modules/Region.jsm", 419))
console.warn: SearchSettings: "get: No settings file exists, new profile?" (new Error("", "(unknown module)"))
console.warn: services.settings: main/fxmonitor-breaches sync interrupted by shutdown
[Parent 14420, IPC I/O Parent] WARNING: file /builds/worker/checkouts/gecko/ipc/chromium/src/base/process_util_win.cc:167
[Parent 14420, IPC I/O Parent] WARNING: file /builds/worker/checkouts/gecko/ipc/chromium/src/base/process_util_win.cc:167console.warn: SearchSettings: "get: No settings file exists, new profile?" (new Error("", "(unknown module)"))
1623815788242	Marionette	INFO	Listening on port 60058
1623815789749	Marionette	WARN	TLS certificate errors will be ignored for this session
1623815840372	Marionette	WARN	Ignoring event 'pageshow' because document has an invalid readyState of 'uninitialized'.
1623815964220	Marionette	INFO	Stopped listening on port 60058

###!!! [Child][RunMessage] Error: Channel closing: too late to send/recv, messages will be lost

console.error: "Could not load engine ddg@search.mozilla.org: TypeError: AddonManagerInternal._getProviderByName(...) is undefined"
console.warn: SearchService: "_init: abandoning init due to shutting down"
JavaScript error: resource://gre/modules/AsyncShutdown.jsm, line 575: uncaught exception: 2147500036
JavaScript error: resource://gre/modules/AsyncShutdown.jsm, line 575: uncaught exception: 2147500036
JavaScript error: resource://gre/modules/AsyncShutdown.jsm, line 575: uncaught exception: 2147500036
JavaScript error: resource://gre/modules/AsyncShutdown.jsm, line 575: uncaught exception: 2147500036
JavaScript error: resource://gre/modules/AsyncShutdown.jsm, line 575: uncaught exception: 2147500036
console.error: (new Error("SessionFile is closed", "resource:///modules/sessionstore/SessionFile.jsm", 433))
*** UTM:SVC TimerManager:registerTimer called after profile-before-change notification. Ignoring timer registration for id: telemetry_modules_ping
*** UTM:SVC TimerManager:registerTimer called after profile-before-change notification. Ignoring timer registration for id: telemetry_untrustedmodules_ping

###!!! [Child][RunMessage] Error: Channel closing: too late to send/recv, messages will be lost

1623816016978	geckodriver	INFO	Listening on 127.0.0.1:58813
1623816020023	mozrunner::runner	INFO	Running command: "C:\\Program Files\\Mozilla Firefox\\firefox.exe" "--marionette" "-foreground" "-no-remote" "-profile" "C:\\Users\\Carlos\\AppData\\Local\\Temp\\rust_mozprofileze2Ix9"
1623816024579	Marionette	INFO	Marionette enabled
console.warn: SearchSettings: "get: No settings file exists, new profile?" (new Error("", "(unknown module)"))
1623816033939	Marionette	INFO	Listening on port 58240
1623816033985	Marionette	WARN	TLS certificate errors will be ignored for this session
1623816039078	Marionette	WARN	Ignoring event 'pageshow' because document has an invalid readyState of 'uninitialized'.
1623816072395	Marionette	INFO	Stopped listening on port 58240

###!!! [Child][RunMessage] Error: Channel closing: too late to send/recv, messages will be lost

1623816127629	geckodriver	INFO	Listening on 127.0.0.1:54787
1623816130632	mozrunner::runner	INFO	Running command: "C:\\Program Files\\Mozilla Firefox\\firefox.exe" "--marionette" "-foreground" "-no-remote" "-profile" "C:\\Users\\Carlos\\AppData\\Local\\Temp\\rust_mozprofilemRWfaG"
1623816132668	Marionette	INFO	Marionette enabled
console.warn: SearchSettings: "get: No settings file exists, new profile?" (new Error("", "(unknown module)"))
1623816139015	Marionette	INFO	Listening on port 54150
1623816139272	Marionette	WARN	TLS certificate errors will be ignored for this session
1623816144760	Marionette	WARN	Ignoring event 'pageshow' because document has an invalid readyState of 'uninitialized'.
1623816167102	Marionette	INFO	Stopped listening on port 54150
[Parent 6880, IPC I/O Parent] WARNING: file /builds/worker/checkouts/gecko/ipc/chromium/src/base/process_util_win.cc:167
[Parent 6880, IPC I/O Parent] WARNING: file /builds/worker/checkouts/gecko/ipc/chromium/src/base/process_util_win.cc:167

###!!! [Child][RunMessage] Error: Channel closing: too late to send/recv, messages will be lost

